This file contains any messages produced by compilers while
running configure, to aid debugging if configure makes a mistake.

It was created by configure, which was
generated by GNU Autoconf 2.69.  Invocation command line was

  $ ./configure 

## --------- ##
## Platform. ##
## --------- ##

hostname = Hennys-MacBook-Pro.local
uname -m = x86_64
uname -r = 16.7.0
uname -s = Darwin
uname -v = Darwin Kernel Version 16.7.0: Thu Jan 11 22:59:40 PST 2018; root:xnu-3789.73.8~1/RELEASE_X86_64

/usr/bin/uname -p = i386
/bin/uname -X     = unknown

/bin/arch              = unknown
/usr/bin/arch -k       = unknown
/usr/convex/getsysinfo = unknown
/usr/bin/hostinfo      = Mach kernel version:
	 Darwin Kernel Version 16.7.0: Thu Jan 11 22:59:40 PST 2018; root:xnu-3789.73.8~1/RELEASE_X86_64
Kernel configured for up to 8 processors.
4 processors are physically available.
8 processors are logically available.
Processor type: x86_64h (Intel x86-64h Haswell)
Processors active: 0 1 2 3 4 5 6 7
Primary memory available: 16.00 gigabytes
Default processor set: 372 tasks, 1298 threads, 8 processors
Load average: 0.94, Mach factor: 7.04
/bin/machine           = unknown
/usr/bin/oslevel       = unknown
/bin/universe          = unknown

PATH: /opt/local/bin
PATH: /opt/local/sbin
PATH: /usr/local/bin
PATH: /usr/bin
PATH: /bin
PATH: /usr/sbin
PATH: /sbin
PATH: /opt/X11/bin
PATH: /usr/local/MacGPG2/bin
PATH: /Library/TeX/texbin


## ----------- ##
## Core tests. ##
## ----------- ##

configure:2257: checking for gcc
configure:2273: found /usr/bin/gcc
configure:2284: result: gcc
configure:2513: checking for C compiler version
configure:2522: gcc --version >&5
Apple LLVM version 9.0.0 (clang-900.0.39.2)
Target: x86_64-apple-darwin16.7.0
Thread model: posix
InstalledDir: /Applications/Xcode.app/Contents/Developer/Toolchains/XcodeDefault.xctoolchain/usr/bin
Configured with: --prefix=/Applications/Xcode.app/Contents/Developer/usr --with-gxx-include-dir=/usr/include/c++/4.2.1
configure:2533: $? = 0
configure:2522: gcc -v >&5
Configured with: --prefix=/Applications/Xcode.app/Contents/Developer/usr --with-gxx-include-dir=/usr/include/c++/4.2.1
Apple LLVM version 9.0.0 (clang-900.0.39.2)
Target: x86_64-apple-darwin16.7.0
Thread model: posix
InstalledDir: /Applications/Xcode.app/Contents/Developer/Toolchains/XcodeDefault.xctoolchain/usr/bin
configure:2533: $? = 0
configure:2522: gcc -V >&5
clang: error: argument to '-V' is missing (expected 1 value)
clang: error: no input files
configure:2533: $? = 1
configure:2522: gcc -qversion >&5
clang: error: unknown argument: '-qversion'
clang: error: no input files
configure:2533: $? = 1
configure:2553: checking whether the C compiler works
configure:2575: gcc    conftest.c  >&5
configure:2579: $? = 0
configure:2627: result: yes
configure:2630: checking for C compiler default output file name
configure:2632: result: a.out
configure:2638: checking for suffix of executables
configure:2645: gcc -o conftest    conftest.c  >&5
configure:2649: $? = 0
configure:2671: result: 
configure:2693: checking whether we are cross compiling
configure:2701: gcc -o conftest    conftest.c  >&5
configure:2705: $? = 0
configure:2712: ./conftest
configure:2716: $? = 0
configure:2731: result: no
configure:2736: checking for suffix of object files
configure:2758: gcc -c   conftest.c >&5
configure:2762: $? = 0
configure:2783: result: o
configure:2787: checking whether we are using the GNU C compiler
configure:2806: gcc -c   conftest.c >&5
configure:2806: $? = 0
configure:2815: result: yes
configure:2824: checking whether gcc accepts -g
configure:2844: gcc -c -g  conftest.c >&5
configure:2844: $? = 0
configure:2885: result: yes
configure:2902: checking for gcc option to accept ISO C89
configure:2965: gcc  -c -g -O2  conftest.c >&5
configure:2965: $? = 0
configure:2978: result: none needed
configure:3042: checking for a BSD-compatible install
configure:3110: result: /usr/bin/install -c
configure:3129: checking build system type
configure:3143: result: x86_64-apple-darwin16.7.0
configure:3163: checking host system type
configure:3176: result: x86_64-apple-darwin16.7.0
configure:3196: checking target system type
configure:3209: result: x86_64-apple-darwin16.7.0
configure:3248: checking for msvc cl.exe (optional)
configure:3264: result: not found
configure:3316: checking for ocamlc
configure:3332: found /opt/local/bin/ocamlc
configure:3343: result: ocamlc
configure:3368: result: OCaml version is 4.05.0
configure:3377: result: OCaml library path is /opt/local/lib/ocaml
configure:3427: checking for ocamlopt
configure:3443: found /opt/local/bin/ocamlopt
configure:3454: result: ocamlopt
configure:3537: checking for ocamlc.opt
configure:3553: found /opt/local/bin/ocamlc.opt
configure:3564: result: ocamlc.opt
configure:3641: checking for ocamlopt.opt
configure:3657: found /opt/local/bin/ocamlopt.opt
configure:3668: result: ocamlopt.opt
configure:3707: checking for dynlink.cmxa
configure:3711: result: yes
configure:3765: checking for ocaml
configure:3781: found /opt/local/bin/ocaml
configure:3792: result: ocaml
configure:3859: checking for ocamldep
configure:3875: found /opt/local/bin/ocamldep
configure:3886: result: ocamldep
configure:3953: checking for ocamlmktop
configure:3969: found /opt/local/bin/ocamlmktop
configure:3980: result: ocamlmktop
configure:4047: checking for ocamlmklib
configure:4063: found /opt/local/bin/ocamlmklib
configure:4074: result: ocamlmklib
configure:4141: checking for ocamldoc
configure:4157: found /opt/local/bin/ocamldoc
configure:4168: result: ocamldoc
configure:4235: checking for ocamlbuild
configure:4251: found /opt/local/bin/ocamlbuild
configure:4262: result: ocamlbuild
configure:4337: checking for ocamllex
configure:4353: found /opt/local/bin/ocamllex
configure:4364: result: ocamllex
configure:4430: checking for ocamllex.opt
configure:4446: found /opt/local/bin/ocamllex.opt
configure:4457: result: ocamllex.opt
configure:4532: checking for ocamlyacc
configure:4548: found /opt/local/bin/ocamlyacc
configure:4559: result: ocamlyacc
configure:4632: checking for ocamlfind
configure:4648: found /opt/local/bin/ocamlfind
configure:4659: result: ocamlfind
configure:4732: checking for perl
configure:4748: found /opt/local/bin/perl
configure:4759: result: perl
configure:4789: checking for cygpath
configure:4819: result: no
configure:4829: checking for gcc version
configure:4837: checking how to run the C preprocessor
configure:4868: gcc -E  conftest.c
configure:4868: $? = 0
configure:4882: gcc -E  conftest.c
conftest.c:9:10: fatal error: 'ac_nonexistent.h' file not found
#include <ac_nonexistent.h>
         ^~~~~~~~~~~~~~~~~~
1 error generated.
configure:4882: $? = 1
configure: failed program was:
| /* confdefs.h */
| #define PACKAGE_NAME ""
| #define PACKAGE_TARNAME ""
| #define PACKAGE_VERSION ""
| #define PACKAGE_STRING ""
| #define PACKAGE_BUGREPORT ""
| #define PACKAGE_URL ""
| /* end confdefs.h.  */
| #include <ac_nonexistent.h>
configure:4907: result: gcc -E
configure:4927: gcc -E  conftest.c
configure:4927: $? = 0
configure:4941: gcc -E  conftest.c
conftest.c:9:10: fatal error: 'ac_nonexistent.h' file not found
#include <ac_nonexistent.h>
         ^~~~~~~~~~~~~~~~~~
1 error generated.
configure:4941: $? = 1
configure: failed program was:
| /* confdefs.h */
| #define PACKAGE_NAME ""
| #define PACKAGE_TARNAME ""
| #define PACKAGE_VERSION ""
| #define PACKAGE_STRING ""
| #define PACKAGE_BUGREPORT ""
| #define PACKAGE_URL ""
| /* end confdefs.h.  */
| #include <ac_nonexistent.h>
configure:4970: checking for grep that handles long lines and -e
configure:5028: result: /usr/bin/grep
configure:5033: checking for egrep
configure:5095: result: /usr/bin/grep -E
configure:5100: checking for ANSI C header files
configure:5120: gcc -c -g -O2  conftest.c >&5
configure:5120: $? = 0
configure:5193: gcc -o conftest -g -O2   conftest.c  >&5
configure:5193: $? = 0
configure:5193: ./conftest
configure:5193: $? = 0
configure:5204: result: yes
configure:5217: checking for sys/types.h
configure:5217: gcc -c -g -O2  conftest.c >&5
configure:5217: $? = 0
configure:5217: result: yes
configure:5217: checking for sys/stat.h
configure:5217: gcc -c -g -O2  conftest.c >&5
configure:5217: $? = 0
configure:5217: result: yes
configure:5217: checking for stdlib.h
configure:5217: gcc -c -g -O2  conftest.c >&5
configure:5217: $? = 0
configure:5217: result: yes
configure:5217: checking for string.h
configure:5217: gcc -c -g -O2  conftest.c >&5
configure:5217: $? = 0
configure:5217: result: yes
configure:5217: checking for memory.h
configure:5217: gcc -c -g -O2  conftest.c >&5
configure:5217: $? = 0
configure:5217: result: yes
configure:5217: checking for strings.h
configure:5217: gcc -c -g -O2  conftest.c >&5
configure:5217: $? = 0
configure:5217: result: yes
configure:5217: checking for inttypes.h
configure:5217: gcc -c -g -O2  conftest.c >&5
configure:5217: $? = 0
configure:5217: result: yes
configure:5217: checking for stdint.h
configure:5217: gcc -c -g -O2  conftest.c >&5
configure:5217: $? = 0
configure:5217: result: yes
configure:5217: checking for unistd.h
configure:5217: gcc -c -g -O2  conftest.c >&5
configure:5217: $? = 0
configure:5217: result: yes
configure:5229: checking for __builtin_va_list
configure:5229: gcc -c -g -O2  conftest.c >&5
configure:5229: $? = 0
configure:5229: gcc -c -g -O2  conftest.c >&5
conftest.c:55:32: error: expected expression
if (sizeof ((__builtin_va_list)))
                               ^
1 error generated.
configure:5229: $? = 1
configure: failed program was:
| /* confdefs.h */
| #define PACKAGE_NAME ""
| #define PACKAGE_TARNAME ""
| #define PACKAGE_VERSION ""
| #define PACKAGE_STRING ""
| #define PACKAGE_BUGREPORT ""
| #define PACKAGE_URL ""
| #define STDC_HEADERS 1
| #define HAVE_SYS_TYPES_H 1
| #define HAVE_SYS_STAT_H 1
| #define HAVE_STDLIB_H 1
| #define HAVE_STRING_H 1
| #define HAVE_MEMORY_H 1
| #define HAVE_STRINGS_H 1
| #define HAVE_INTTYPES_H 1
| #define HAVE_STDINT_H 1
| #define HAVE_UNISTD_H 1
| /* end confdefs.h.  */
| #include <stdio.h>
| #ifdef HAVE_SYS_TYPES_H
| # include <sys/types.h>
| #endif
| #ifdef HAVE_SYS_STAT_H
| # include <sys/stat.h>
| #endif
| #ifdef STDC_HEADERS
| # include <stdlib.h>
| # include <stddef.h>
| #else
| # ifdef HAVE_STDLIB_H
| #  include <stdlib.h>
| # endif
| #endif
| #ifdef HAVE_STRING_H
| # if !defined STDC_HEADERS && defined HAVE_MEMORY_H
| #  include <memory.h>
| # endif
| # include <string.h>
| #endif
| #ifdef HAVE_STRINGS_H
| # include <strings.h>
| #endif
| #ifdef HAVE_INTTYPES_H
| # include <inttypes.h>
| #endif
| #ifdef HAVE_STDINT_H
| # include <stdint.h>
| #endif
| #ifdef HAVE_UNISTD_H
| # include <unistd.h>
| #endif
| int
| main ()
| {
| if (sizeof ((__builtin_va_list)))
| 	    return 0;
|   ;
|   return 0;
| }
configure:5229: result: yes
configure:5236: checking if __thread is a keyword
configure:5242: gcc -c -g -O2  conftest.c >&5
conftest.c:19:14: error: '__thread' is only allowed on variable declarations
int main(int __thread) { return 0; }
             ^
conftest.c:19:5: warning: only one parameter on 'main' declaration [-Wmain]
int main(int __thread) { return 0; }
    ^
conftest.c:19:22: error: parameter name omitted
int main(int __thread) { return 0; }
                     ^
1 warning and 2 errors generated.
configure:5242: $? = 1
configure: failed program was:
| /* confdefs.h */
| #define PACKAGE_NAME ""
| #define PACKAGE_TARNAME ""
| #define PACKAGE_VERSION ""
| #define PACKAGE_STRING ""
| #define PACKAGE_BUGREPORT ""
| #define PACKAGE_URL ""
| #define STDC_HEADERS 1
| #define HAVE_SYS_TYPES_H 1
| #define HAVE_SYS_STAT_H 1
| #define HAVE_STDLIB_H 1
| #define HAVE_STRING_H 1
| #define HAVE_MEMORY_H 1
| #define HAVE_STRINGS_H 1
| #define HAVE_INTTYPES_H 1
| #define HAVE_STDINT_H 1
| #define HAVE_UNISTD_H 1
| /* end confdefs.h.  */
| int main(int __thread) { return 0; }
configure:5248: result: true
configure:5253: checking if gcc adds underscores to assembly labels.
configure:5259: gcc -o conftest -g -O2   conftest.c  >&5
configure:5259: $? = 0
configure:5266: result: true
configure:5274: checking for ANSI C header files
configure:5378: result: yes
configure:5389: checking for stdlib.h
configure:5389: result: yes
configure:5389: checking for strings.h
configure:5389: result: yes
configure:5389: checking sys/time.h usability
configure:5389: gcc -c -g -O2  conftest.c >&5
configure:5389: $? = 0
configure:5389: result: yes
configure:5389: checking sys/time.h presence
configure:5389: gcc -E  conftest.c
configure:5389: $? = 0
configure:5389: result: yes
configure:5389: checking for sys/time.h
configure:5389: result: yes
configure:5389: checking for unistd.h
configure:5389: result: yes
configure:5389: checking wchar.h usability
configure:5389: gcc -c -g -O2  conftest.c >&5
configure:5389: $? = 0
configure:5389: result: yes
configure:5389: checking wchar.h presence
configure:5389: gcc -E  conftest.c
configure:5389: $? = 0
configure:5389: result: yes
configure:5389: checking for wchar.h
configure:5389: result: yes
configure:5389: checking stdbool.h usability
configure:5389: gcc -c -g -O2  conftest.c >&5
configure:5389: $? = 0
configure:5389: result: yes
configure:5389: checking stdbool.h presence
configure:5389: gcc -E  conftest.c
configure:5389: $? = 0
configure:5389: result: yes
configure:5389: checking for stdbool.h
configure:5389: result: yes
configure:5401: checking for an ANSI C-conforming const
configure:5467: gcc -c -g -O2  conftest.c >&5
configure:5467: $? = 0
configure:5474: result: yes
configure:5482: checking for inline
configure:5498: gcc -c -g -O2  conftest.c >&5
configure:5498: $? = 0
configure:5506: result: inline
configure:5524: checking whether time.h and sys/time.h may both be included
configure:5544: gcc -c -g -O2  conftest.c >&5
configure:5544: $? = 0
configure:5551: result: yes
configure:5560: checking for intptr_t
configure:5560: gcc -c -g -O2  conftest.c >&5
configure:5560: $? = 0
configure:5560: gcc -c -g -O2  conftest.c >&5
conftest.c:63:23: error: expected expression
if (sizeof ((intptr_t)))
                      ^
1 error generated.
configure:5560: $? = 1
configure: failed program was:
| /* confdefs.h */
| #define PACKAGE_NAME ""
| #define PACKAGE_TARNAME ""
| #define PACKAGE_VERSION ""
| #define PACKAGE_STRING ""
| #define PACKAGE_BUGREPORT ""
| #define PACKAGE_URL ""
| #define STDC_HEADERS 1
| #define HAVE_SYS_TYPES_H 1
| #define HAVE_SYS_STAT_H 1
| #define HAVE_STDLIB_H 1
| #define HAVE_STRING_H 1
| #define HAVE_MEMORY_H 1
| #define HAVE_STRINGS_H 1
| #define HAVE_INTTYPES_H 1
| #define HAVE_STDINT_H 1
| #define HAVE_UNISTD_H 1
| #define STDC_HEADERS 1
| #define HAVE_STDLIB_H 1
| #define HAVE_STRINGS_H 1
| #define HAVE_SYS_TIME_H 1
| #define HAVE_UNISTD_H 1
| #define HAVE_WCHAR_H 1
| #define HAVE_STDBOOL_H 1
| #define TIME_WITH_SYS_TIME 1
| /* end confdefs.h.  */
| #include <stdio.h>
| #ifdef HAVE_SYS_TYPES_H
| # include <sys/types.h>
| #endif
| #ifdef HAVE_SYS_STAT_H
| # include <sys/stat.h>
| #endif
| #ifdef STDC_HEADERS
| # include <stdlib.h>
| # include <stddef.h>
| #else
| # ifdef HAVE_STDLIB_H
| #  include <stdlib.h>
| # endif
| #endif
| #ifdef HAVE_STRING_H
| # if !defined STDC_HEADERS && defined HAVE_MEMORY_H
| #  include <memory.h>
| # endif
| # include <string.h>
| #endif
| #ifdef HAVE_STRINGS_H
| # include <strings.h>
| #endif
| #ifdef HAVE_INTTYPES_H
| # include <inttypes.h>
| #endif
| #ifdef HAVE_STDINT_H
| # include <stdint.h>
| #endif
| #ifdef HAVE_UNISTD_H
| # include <unistd.h>
| #endif
| int
| main ()
| {
| if (sizeof ((intptr_t)))
| 	    return 0;
|   ;
|   return 0;
| }
configure:5560: result: yes
configure:5597: checking for working memcmp
configure:5640: gcc -o conftest -g -O2   conftest.c  >&5
configure:5640: $? = 0
configure:5640: ./conftest
configure:5640: $? = 0
configure:5650: result: yes
configure:5662: checking for mkdir
configure:5662: gcc -o conftest -g -O2   conftest.c  >&5
configure:5662: $? = 0
configure:5662: result: yes
configure:5662: checking for select
configure:5662: gcc -o conftest -g -O2   conftest.c  >&5
configure:5662: $? = 0
configure:5662: result: yes
configure:5662: checking for socket
configure:5662: gcc -o conftest -g -O2   conftest.c  >&5
configure:5662: $? = 0
configure:5662: result: yes
configure:5662: checking for __sysv_signal
configure:5662: gcc -o conftest -g -O2   conftest.c  >&5
Undefined symbols for architecture x86_64:
  "___sysv_signal", referenced from:
      _main in conftest-ff69a6.o
ld: symbol(s) not found for architecture x86_64
clang: error: linker command failed with exit code 1 (use -v to see invocation)
configure:5662: $? = 1
configure: failed program was:
| /* confdefs.h */
| #define PACKAGE_NAME ""
| #define PACKAGE_TARNAME ""
| #define PACKAGE_VERSION ""
| #define PACKAGE_STRING ""
| #define PACKAGE_BUGREPORT ""
| #define PACKAGE_URL ""
| #define STDC_HEADERS 1
| #define HAVE_SYS_TYPES_H 1
| #define HAVE_SYS_STAT_H 1
| #define HAVE_STDLIB_H 1
| #define HAVE_STRING_H 1
| #define HAVE_MEMORY_H 1
| #define HAVE_STRINGS_H 1
| #define HAVE_INTTYPES_H 1
| #define HAVE_STDINT_H 1
| #define HAVE_UNISTD_H 1
| #define STDC_HEADERS 1
| #define HAVE_STDLIB_H 1
| #define HAVE_STRINGS_H 1
| #define HAVE_SYS_TIME_H 1
| #define HAVE_UNISTD_H 1
| #define HAVE_WCHAR_H 1
| #define HAVE_STDBOOL_H 1
| #define TIME_WITH_SYS_TIME 1
| #define HAVE_INTPTR_T 1
| #define HAVE_MKDIR 1
| #define HAVE_SELECT 1
| #define HAVE_SOCKET 1
| /* end confdefs.h.  */
| /* Define __sysv_signal to an innocuous variant, in case <limits.h> declares __sysv_signal.
|    For example, HP-UX 11i <limits.h> declares gettimeofday.  */
| #define __sysv_signal innocuous___sysv_signal
| 
| /* System header to define __stub macros and hopefully few prototypes,
|     which can conflict with char __sysv_signal (); below.
|     Prefer <limits.h> to <assert.h> if __STDC__ is defined, since
|     <limits.h> exists even on freestanding compilers.  */
| 
| #ifdef __STDC__
| # include <limits.h>
| #else
| # include <assert.h>
| #endif
| 
| #undef __sysv_signal
| 
| /* Override any GCC internal prototype to avoid an error.
|    Use char because int might match the return type of a GCC
|    builtin and then its argument prototype would still apply.  */
| #ifdef __cplusplus
| extern "C"
| #endif
| char __sysv_signal ();
| /* The GNU C library defines this for functions which it implements
|     to always fail with ENOSYS.  Some functions are actually named
|     something starting with __ and the normal name is an alias.  */
| #if defined __stub___sysv_signal || defined __stub_____sysv_signal
| choke me
| #endif
| 
| int
| main ()
| {
| return __sysv_signal ();
|   ;
|   return 0;
| }
configure:5662: result: no
configure:5674: checking for real definition of size_t
configure:5691: gcc -c -g -O2  conftest.c >&5
conftest.c:38:8: error: conflicting types for 'foo'
size_t foo(size_t x) { return x; }
       ^
conftest.c:37:5: note: previous declaration is here
int foo(int x);
    ^
1 error generated.
configure:5691: $? = 1
configure: failed program was:
| /* confdefs.h */
| #define PACKAGE_NAME ""
| #define PACKAGE_TARNAME ""
| #define PACKAGE_VERSION ""
| #define PACKAGE_STRING ""
| #define PACKAGE_BUGREPORT ""
| #define PACKAGE_URL ""
| #define STDC_HEADERS 1
| #define HAVE_SYS_TYPES_H 1
| #define HAVE_SYS_STAT_H 1
| #define HAVE_STDLIB_H 1
| #define HAVE_STRING_H 1
| #define HAVE_MEMORY_H 1
| #define HAVE_STRINGS_H 1
| #define HAVE_INTTYPES_H 1
| #define HAVE_STDINT_H 1
| #define HAVE_UNISTD_H 1
| #define STDC_HEADERS 1
| #define HAVE_STDLIB_H 1
| #define HAVE_STRINGS_H 1
| #define HAVE_SYS_TIME_H 1
| #define HAVE_UNISTD_H 1
| #define HAVE_WCHAR_H 1
| #define HAVE_STDBOOL_H 1
| #define TIME_WITH_SYS_TIME 1
| #define HAVE_INTPTR_T 1
| #define HAVE_MKDIR 1
| #define HAVE_SELECT 1
| #define HAVE_SOCKET 1
| /* end confdefs.h.  */
| 
| #include <stddef.h>
| #include <wchar.h>
| /* We define a prototype with one type and the function with
|    another type.  This will result in compilation error
|    unless the types are really identical. */
| int foo(int x);
| size_t foo(size_t x) { return x; }
configure:5710: gcc -c -g -O2  conftest.c >&5
conftest.c:38:8: error: conflicting types for 'foo'
size_t foo(size_t x) { return x; }
       ^
conftest.c:37:14: note: previous declaration is here
unsigned int foo(unsigned int x);
             ^
1 error generated.
configure:5710: $? = 1
configure: failed program was:
| /* confdefs.h */
| #define PACKAGE_NAME ""
| #define PACKAGE_TARNAME ""
| #define PACKAGE_VERSION ""
| #define PACKAGE_STRING ""
| #define PACKAGE_BUGREPORT ""
| #define PACKAGE_URL ""
| #define STDC_HEADERS 1
| #define HAVE_SYS_TYPES_H 1
| #define HAVE_SYS_STAT_H 1
| #define HAVE_STDLIB_H 1
| #define HAVE_STRING_H 1
| #define HAVE_MEMORY_H 1
| #define HAVE_STRINGS_H 1
| #define HAVE_INTTYPES_H 1
| #define HAVE_STDINT_H 1
| #define HAVE_UNISTD_H 1
| #define STDC_HEADERS 1
| #define HAVE_STDLIB_H 1
| #define HAVE_STRINGS_H 1
| #define HAVE_SYS_TIME_H 1
| #define HAVE_UNISTD_H 1
| #define HAVE_WCHAR_H 1
| #define HAVE_STDBOOL_H 1
| #define TIME_WITH_SYS_TIME 1
| #define HAVE_INTPTR_T 1
| #define HAVE_MKDIR 1
| #define HAVE_SELECT 1
| #define HAVE_SOCKET 1
| /* end confdefs.h.  */
| 
| #include <stddef.h>
| #include <wchar.h>
| /* We define a prototype with one type and the function with
|    another type.  This will result in compilation error
|    unless the types are really identical. */
| unsigned int foo(unsigned int x);
| size_t foo(size_t x) { return x; }
configure:5731: gcc -c -g -O2  conftest.c >&5
conftest.c:38:8: error: conflicting types for 'foo'
size_t foo(size_t x) { return x; }
       ^
conftest.c:37:6: note: previous declaration is here
long foo(long x);
     ^
1 error generated.
configure:5731: $? = 1
configure: failed program was:
| /* confdefs.h */
| #define PACKAGE_NAME ""
| #define PACKAGE_TARNAME ""
| #define PACKAGE_VERSION ""
| #define PACKAGE_STRING ""
| #define PACKAGE_BUGREPORT ""
| #define PACKAGE_URL ""
| #define STDC_HEADERS 1
| #define HAVE_SYS_TYPES_H 1
| #define HAVE_SYS_STAT_H 1
| #define HAVE_STDLIB_H 1
| #define HAVE_STRING_H 1
| #define HAVE_MEMORY_H 1
| #define HAVE_STRINGS_H 1
| #define HAVE_INTTYPES_H 1
| #define HAVE_STDINT_H 1
| #define HAVE_UNISTD_H 1
| #define STDC_HEADERS 1
| #define HAVE_STDLIB_H 1
| #define HAVE_STRINGS_H 1
| #define HAVE_SYS_TIME_H 1
| #define HAVE_UNISTD_H 1
| #define HAVE_WCHAR_H 1
| #define HAVE_STDBOOL_H 1
| #define TIME_WITH_SYS_TIME 1
| #define HAVE_INTPTR_T 1
| #define HAVE_MKDIR 1
| #define HAVE_SELECT 1
| #define HAVE_SOCKET 1
| /* end confdefs.h.  */
| 
| #include <stddef.h>
| #include <wchar.h>
| /* We define a prototype with one type and the function with
|    another type.  This will result in compilation error
|    unless the types are really identical. */
| long foo(long x);
| size_t foo(size_t x) { return x; }
configure:5750: gcc -c -g -O2  conftest.c >&5
configure:5750: $? = 0
configure:5885: result: unsigned long
configure:5889: checking for real definition of wchar_t
configure:5906: gcc -c -g -O2  conftest.c >&5
configure:5906: $? = 0
configure:6100: result: int
configure:6318: creating ./config.status

## ---------------------- ##
## Running config.status. ##
## ---------------------- ##

This file was extended by config.status, which was
generated by GNU Autoconf 2.69.  Invocation command line was

  CONFIG_FILES    = 
  CONFIG_HEADERS  = 
  CONFIG_LINKS    = 
  CONFIG_COMMANDS = 
  $ ./config.status 

on Hennys-MacBook-Pro.local

config.status:867: creating stamp-h
config.status:867: creating Makefile
config.status:867: creating config.mk
config.status:867: creating lib/perl5/App/Cilly/CilConfig.pm
config.status:867: creating doc/index.html
config.status:867: creating doc/header.html
config.status:867: creating src/machdep-ml.c
config.status:867: creating src/cilversion.ml
config.status:867: creating config.h
config.status:1042: config.h is unchanged

## ---------------- ##
## Cache variables. ##
## ---------------- ##

ac_cv_build=x86_64-apple-darwin16.7.0
ac_cv_c_compiler_gnu=yes
ac_cv_c_const=yes
ac_cv_c_inline=inline
ac_cv_env_CC_set=
ac_cv_env_CC_value=
ac_cv_env_CFLAGS_set=
ac_cv_env_CFLAGS_value=
ac_cv_env_CPPFLAGS_set=
ac_cv_env_CPPFLAGS_value=
ac_cv_env_CPP_set=
ac_cv_env_CPP_value=
ac_cv_env_LDFLAGS_set=
ac_cv_env_LDFLAGS_value=
ac_cv_env_LIBS_set=
ac_cv_env_LIBS_value=
ac_cv_env_build_alias_set=
ac_cv_env_build_alias_value=
ac_cv_env_host_alias_set=
ac_cv_env_host_alias_value=
ac_cv_env_target_alias_set=
ac_cv_env_target_alias_value=
ac_cv_func___sysv_signal=no
ac_cv_func_memcmp_working=yes
ac_cv_func_mkdir=yes
ac_cv_func_select=yes
ac_cv_func_socket=yes
ac_cv_header_inttypes_h=yes
ac_cv_header_memory_h=yes
ac_cv_header_stdbool_h=yes
ac_cv_header_stdc=yes
ac_cv_header_stdint_h=yes
ac_cv_header_stdlib_h=yes
ac_cv_header_string_h=yes
ac_cv_header_strings_h=yes
ac_cv_header_sys_stat_h=yes
ac_cv_header_sys_time_h=yes
ac_cv_header_sys_types_h=yes
ac_cv_header_time=yes
ac_cv_header_unistd_h=yes
ac_cv_header_wchar_h=yes
ac_cv_host=x86_64-apple-darwin16.7.0
ac_cv_objext=o
ac_cv_path_EGREP='/usr/bin/grep -E'
ac_cv_path_GREP=/usr/bin/grep
ac_cv_path_install='/usr/bin/install -c'
ac_cv_prog_CPP='gcc -E'
ac_cv_prog_ac_ct_CC=gcc
ac_cv_prog_ac_ct_OCAML=ocaml
ac_cv_prog_ac_ct_OCAMLBUILD=ocamlbuild
ac_cv_prog_ac_ct_OCAMLC=ocamlc
ac_cv_prog_ac_ct_OCAMLCDOTOPT=ocamlc.opt
ac_cv_prog_ac_ct_OCAMLDEP=ocamldep
ac_cv_prog_ac_ct_OCAMLDOC=ocamldoc
ac_cv_prog_ac_ct_OCAMLFIND=ocamlfind
ac_cv_prog_ac_ct_OCAMLLEX=ocamllex
ac_cv_prog_ac_ct_OCAMLLEXDOTOPT=ocamllex.opt
ac_cv_prog_ac_ct_OCAMLMKLIB=ocamlmklib
ac_cv_prog_ac_ct_OCAMLMKTOP=ocamlmktop
ac_cv_prog_ac_ct_OCAMLOPT=ocamlopt
ac_cv_prog_ac_ct_OCAMLOPTDOTOPT=ocamlopt.opt
ac_cv_prog_ac_ct_OCAMLYACC=ocamlyacc
ac_cv_prog_ac_ct_PERL=perl
ac_cv_prog_cc_c89=
ac_cv_prog_cc_g=yes
ac_cv_target=x86_64-apple-darwin16.7.0
ac_cv_type___builtin_va_list=yes
ac_cv_type_intptr_t=yes

## ----------------- ##
## Output variables. ##
## ----------------- ##

CC='gcc'
CFLAGS='-g -O2'
CIL_VERSION='1.7.3'
CIL_VERSION_MAJOR='1'
CIL_VERSION_MINOR='7'
CIL_VERSION_REV='3'
CPP='gcc -E'
CPPFLAGS=''
CYGPATH=''
DEFAULT_CIL_MODE='GNUCC'
DEFAULT_COMPILER='_GNUCC'
DEFS='-DHAVE_CONFIG_H'
ECHO_C='\c'
ECHO_N=''
ECHO_T=''
EGREP='/usr/bin/grep -E'
EMUL=''
EXEEXT=''
GREP='/usr/bin/grep'
HAS_MSVC='no'
HAVE_BUILTIN_VA_LIST='true'
INSTALL_DATA='${INSTALL} -m 644'
INSTALL_PROGRAM='${INSTALL}'
INSTALL_SCRIPT='${INSTALL}'
LDFLAGS=''
LIBOBJS=''
LIBS=''
LTLIBOBJS=''
OBJEXT='o'
OCAML='ocaml'
OCAMLBEST='opt'
OCAMLBUILD='ocamlbuild'
OCAMLC='ocamlc.opt'
OCAMLCDOTOPT='ocamlc.opt'
OCAMLDEP='ocamldep'
OCAMLDOC='ocamldoc'
OCAMLFIND='ocamlfind'
OCAMLLEX='ocamllex.opt'
OCAMLLEXDOTOPT='ocamllex.opt'
OCAMLLIB='/opt/local/lib/ocaml'
OCAMLMKLIB='ocamlmklib'
OCAMLMKTOP='ocamlmktop'
OCAMLNATDYNLINK='yes'
OCAMLOPT='ocamlopt.opt'
OCAMLOPTDOTOPT='ocamlopt.opt'
OCAMLVERSION='4.05.0'
OCAMLYACC='ocamlyacc'
PACKAGE_BUGREPORT=''
PACKAGE_NAME=''
PACKAGE_STRING=''
PACKAGE_TARNAME=''
PACKAGE_URL=''
PACKAGE_VERSION=''
PATH_SEPARATOR=':'
PERL='perl'
SHELL='/bin/sh'
THREAD_IS_KEYWORD='true'
UNDERSCORE_NAME='true'
ac_ct_CC='gcc'
bindir='${exec_prefix}/bin'
build='x86_64-apple-darwin16.7.0'
build_alias=''
build_cpu='x86_64'
build_os='darwin16.7.0'
build_vendor='apple'
datadir='${datarootdir}'
datarootdir='${prefix}/share'
docdir='${datarootdir}/doc/${PACKAGE}'
dvidir='${docdir}'
exec_prefix='${prefix}'
host='x86_64-apple-darwin16.7.0'
host_alias=''
host_cpu='x86_64'
host_os='darwin16.7.0'
host_vendor='apple'
htmldir='${docdir}'
includedir='${prefix}/include'
infodir='${datarootdir}/info'
libdir='${exec_prefix}/lib'
libexecdir='${exec_prefix}/libexec'
localedir='${datarootdir}/locale'
localstatedir='${prefix}/var'
mandir='${datarootdir}/man'
oldincludedir='/usr/include'
pdfdir='${docdir}'
prefix='/usr/local'
program_transform_name='s,x,x,'
psdir='${docdir}'
sbindir='${exec_prefix}/sbin'
sharedstatedir='${prefix}/com'
sysconfdir='${prefix}/etc'
target='x86_64-apple-darwin16.7.0'
target_alias=''
target_cpu='x86_64'
target_os='darwin16.7.0'
target_vendor='apple'

## ----------- ##
## confdefs.h. ##
## ----------- ##

/* confdefs.h */
#define PACKAGE_NAME ""
#define PACKAGE_TARNAME ""
#define PACKAGE_VERSION ""
#define PACKAGE_STRING ""
#define PACKAGE_BUGREPORT ""
#define PACKAGE_URL ""
#define STDC_HEADERS 1
#define HAVE_SYS_TYPES_H 1
#define HAVE_SYS_STAT_H 1
#define HAVE_STDLIB_H 1
#define HAVE_STRING_H 1
#define HAVE_MEMORY_H 1
#define HAVE_STRINGS_H 1
#define HAVE_INTTYPES_H 1
#define HAVE_STDINT_H 1
#define HAVE_UNISTD_H 1
#define STDC_HEADERS 1
#define HAVE_STDLIB_H 1
#define HAVE_STRINGS_H 1
#define HAVE_SYS_TIME_H 1
#define HAVE_UNISTD_H 1
#define HAVE_WCHAR_H 1
#define HAVE_STDBOOL_H 1
#define TIME_WITH_SYS_TIME 1
#define HAVE_INTPTR_T 1
#define HAVE_MKDIR 1
#define HAVE_SELECT 1
#define HAVE_SOCKET 1
#define TYPE_SIZE_T "unsigned long"
#define TYPE_WCHAR_T "int"

configure: exit 0
